{
  "numTotalTestSuites": 6,
  "numPassedTestSuites": 6,
  "numFailedTestSuites": 0,
  "numPendingTestSuites": 0,
  "numTotalTests": 5,
  "numPassedTests": 5,
  "numFailedTests": 0,
  "numPendingTests": 0,
  "numTodoTests": 0,
  "startTime": 1707321461410,
  "success": true,
  "testResults": [
    {
      "assertionResults": [
        {
          "ancestorTitles": [
            "",
            "App.vue"
          ],
          "fullName": " App.vue renders a title",
          "status": "passed",
          "title": "renders a title",
          "duration": 6,
          "failureMessages": []
        },
        {
          "ancestorTitles": [
            "",
            "App.vue"
          ],
          "fullName": " App.vue renders the navbar",
          "status": "passed",
          "title": "renders the navbar",
          "duration": 12,
          "failureMessages": []
        },
        {
          "ancestorTitles": [
            "",
            "App.vue"
          ],
          "fullName": " App.vue renders the races list",
          "status": "passed",
          "title": "renders the races list",
          "duration": 2,
          "failureMessages": []
        }
      ],
      "startTime": 1707321462036,
      "endTime": 1707321462056,
      "status": "passed",
      "message": "",
      "name": "/Users/mcoq/Projects/NinjaVue/ponyracer/src/__tests__/App.spec.ts"
    },
    {
      "assertionResults": [
        {
          "ancestorTitles": [
            "",
            "Navbar.vue"
          ],
          "fullName": " Navbar.vue should toggle the class on click",
          "status": "passed",
          "title": "should toggle the class on click",
          "duration": 16,
          "failureMessages": []
        }
      ],
      "startTime": 1707321462024,
      "endTime": 1707321462040,
      "status": "passed",
      "message": "",
      "name": "/Users/mcoq/Projects/NinjaVue/ponyracer/src/components/__tests__/Navbar.spec.ts"
    },
    {
      "assertionResults": [
        {
          "ancestorTitles": [
            "",
            "Races.vue"
          ],
          "fullName": " Races.vue should display every race name in a title",
          "status": "passed",
          "title": "should display every race name in a title",
          "duration": 13,
          "failureMessages": []
        }
      ],
      "startTime": 1707321462022,
      "endTime": 1707321462035,
      "status": "passed",
      "message": "",
      "name": "/Users/mcoq/Projects/NinjaVue/ponyracer/src/views/__tests__/Races.spec.ts"
    }
  ]
}